Case #1: 0 1 0 0 0 0 0 0 0 0 0 0 0 0 0 0 0 0 0 0 0 0 0 0 0 0 0 0 0 0 0 0 0 0 0 0 0 0 0 0 0 0 0 0 0 0 0 0 0 0 0 0 0 0 0 0 0 0 0 0 0 0 0 0 0 0 0 0 0 0 0 0 0 0 0 0 0 0 0 0 0 0 0 0 0 0 0 0 0 0 0 0 0 0 0 0 0 0 0 0 
Case #2: IMPOSSIBLE
Case #3: 0 0 0 0 0 0 1 0 0 0 0 0 0 0 0 0 0 0 0 0 0 0 0 0 0 0 0 0 0 0 0 0 0 0 0 0 0 0 0 0 0 
Case #4: IMPOSSIBLE
Case #5: 1 0 0 0 0 0 
Case #6: 1 0 0 
Case #7: 0 1 0 0 0 0 0 0 0 0 0 0 0 0 0 0 0 0 0 0 0 0 0 0 0 0 0 0 0 0 0 0 0 0 0 
Case #8: IMPOSSIBLE
Case #9: 0 1 
Case #10: IMPOSSIBLE
Case #11: 1 0 
Case #12: 0 1 
Case #13: IMPOSSIBLE
Case #14: IMPOSSIBLE
Case #15: IMPOSSIBLE
Case #16: IMPOSSIBLE
Case #17: 1 0 
Case #18: 1 0 
Case #19: IMPOSSIBLE
Case #20: IMPOSSIBLE
Case #21: 1 0 0 0 0 0 0 0 0 0 0 0 0 0 0 0 0 0 0 0 0 0 0 0 0 0 0 0 0 0 0 0 0 0 0 0 0 0 0 0 0 0 0 0 
Case #22: IMPOSSIBLE
Case #23: IMPOSSIBLE
Case #24: IMPOSSIBLE
Case #25: 0 0 0 0 1 0 0 0 0 0 0 0 0 0 0 0 0 0 0 0 0 0 0 0 0 0 0 0 0 0 
Case #26: IMPOSSIBLE
Case #27: 0 1 
Case #28: IMPOSSIBLE
Case #29: 1 0 
Case #30: 1 0 0 0 0 0 
Case #31: 0 1 
Case #32: 0 0 0 0 0 1 0 0 0 0 0 0 0 0 0 0 0 
Case #33: IMPOSSIBLE
Case #34: 0 1 
Case #35: 0 0 1 0 0 0 0 0 0 0 
Case #36: 1 0 
Case #37: IMPOSSIBLE
Case #38: IMPOSSIBLE
Case #39: IMPOSSIBLE
Case #40: 0 1 0 0 0 0 0 0 0 0 0 0 0 0 0 0 0 0 0 0 0 0 0 0 0 0 0 0 0 0 0 0 0 
Case #41: 0 1 
Case #42: 0 0 0 1 0 0 0 0 0 0 0 0 0 0 0 0 0 0 0 0 0 0 0 0 0 0 0 0 0 0 0 0 0 0 0 0 0 0 0 0 0 0 0 0 0 0 0 0 0 0 0 0 0 
Case #43: IMPOSSIBLE
Case #44: IMPOSSIBLE
Case #45: 0 1 0 0 0 0 0 
Case #46: IMPOSSIBLE
Case #47: IMPOSSIBLE
Case #48: IMPOSSIBLE
Case #49: 0 0 1 0 0 0 0 0 0 0 0 0 0 0 0 0 0 0 0 0 0 0 0 0 0 0 0 0 0 0 0 0 0 0 0 0 0 0 0 0 0 0 0 0 0 0 0 0 0 0 0 0 0 0 0 
Case #50: IMPOSSIBLE
Case #51: 0 0 1 0 0 0 0 0 0 0 0 0 0 
Case #52: IMPOSSIBLE
Case #53: IMPOSSIBLE
Case #54: IMPOSSIBLE
Case #55: IMPOSSIBLE
Case #56: 1 0 0 0 0 0 0 0 0 0 0 0 0 0 0 0 0 0 0 0 0 0 0 0 0 0 0 0 0 0 0 0 
Case #57: IMPOSSIBLE
Case #58: IMPOSSIBLE
Case #59: 0 0 0 1 0 0 0 0 0 0 0 0 0 0 0 0 0 0 0 0 0 0 0 0 0 0 0 0 0 0 0 0 0 0 0 0 0 0 0 0 0 0 0 0 0 0 0 0 0 0 0 0 0 0 0 0 0 0 0 0 0 0 0 0 0 0 0 0 0 0 0 0 0 0 0 0 0 0 
Case #60: 1 0 
Case #61: 0 1 
Case #62: 0 1 0 0 0 0 0 0 0 0 0 0 0 0 0 0 0 0 0 0 0 0 0 0 0 0 0 0 0 0 0 0 0 0 0 0 0 0 0 0 0 0 0 0 0 0 0 0 0 0 
Case #63: 1 0 0 0 0 0 0 0 0 0 0 0 0 0 0 0 0 0 0 0 0 0 0 0 0 0 0 0 0 0 0 0 0 0 0 0 0 0 0 
Case #64: 0 0 0 0 1 0 0 0 0 0 0 0 0 0 0 0 0 0 0 0 0 0 0 0 0 0 0 0 0 0 0 0 0 0 0 0 0 0 0 0 0 0 0 0 0 0 0 
Case #65: IMPOSSIBLE
Case #66: IMPOSSIBLE
Case #67: IMPOSSIBLE
Case #68: 1 0 
Case #69: IMPOSSIBLE
Case #70: IMPOSSIBLE
Case #71: IMPOSSIBLE
Case #72: IMPOSSIBLE
Case #73: 1 0 0 0 0 0 0 0 0 0 0 0 0 0 0 0 0 0 0 0 0 0 0 0 0 0 0 0 0 0 0 0 0 0 0 0 0 0 0 0 0 0 0 0 0 0 
Case #74: 1 0 0 0 0 0 0 0 0 0 0 0 
Case #75: 0 1 
Case #76: IMPOSSIBLE
Case #77: IMPOSSIBLE
Case #78: IMPOSSIBLE
Case #79: 0 0 1 0 0 0 0 0 0 0 0 0 0 0 0 0 0 0 0 0 0 0 0 0 0 0 0 0 0 0 0 0 0 0 0 0 0 
Case #80: IMPOSSIBLE
Case #81: IMPOSSIBLE
Case #82: IMPOSSIBLE
Case #83: 1 0 0 0 0 0 0 0 0 0 0 0 0 0 0 0 0 0 0 0 0 0 0 0 0 0 0 0 0 0 0 0 0 0 0 0 0 0 0 0 0 0 0 0 0 0 0 0 0 0 0 0 0 0 0 0 0 0 0 0 0 0 
Case #84: 1 0 
Case #85: IMPOSSIBLE
Case #86: 0 1 
Case #87: 0 1 0 0 0 0 0 0 0 0 0 0 0 0 0 0 0 0 0 0 0 0 0 0 0 0 0 0 0 0 0 0 0 0 0 0 0 0 0 0 0 0 0 0 0 0 0 0 0 0 0 0 
Case #88: 0 0 1 0 0 0 0 0 0 0 0 0 0 0 0 0 0 0 0 0 0 0 0 0 0 0 0 0 0 0 0 0 0 0 0 0 0 0 0 0 0 0 0 0 0 0 0 0 0 0 0 0 0 0 0 0 0 0 0 0 0 
Case #89: IMPOSSIBLE
Case #90: 1 0 
Case #91: 0 1 0 0 0 0 0 0 0 0 0 0 0 0 0 0 0 0 0 0 0 0 0 0 0 0 0 0 0 0 0 0 0 0 0 0 0 0 0 0 0 0 0 0 0 0 
Case #92: IMPOSSIBLE
Case #93: 0 0 0 0 1 0 0 0 0 0 0 0 0 0 0 0 0 0 0 0 0 0 0 0 0 0 0 0 0 0 0 0 0 0 0 0 0 0 0 0 0 0 0 0 0 0 0 0 0 0 0 0 0 0 0 0 0 0 0 0 0 0 0 0 0 0 0 0 0 0 
Case #94: 1 0 0 
Case #95: IMPOSSIBLE
Case #96: 0 0 0 1 0 0 
Case #97: IMPOSSIBLE
Case #98: 1 0 0 0 0 0 
Case #99: 1 0 
Case #100: 0 0 0 0 1 0 0 0 0 0 0 0 0 0 0 0 0 0 0 0 0 
